<?xml version="1.0" encoding="UTF-8"?>
<testng-results ignored="0" total="1" passed="1" failed="0" skipped="0">
  <reporter-output>
  </reporter-output>
  <suite started-at="2023-12-01T13:07:03 IST" name="Default suite" finished-at="2023-12-01T13:08:32 IST" duration-ms="88888">
    <groups>
    </groups>
    <test started-at="2023-12-01T13:07:03 IST" name="Default test" finished-at="2023-12-01T13:08:32 IST" duration-ms="88888">
      <class name="com.Nykaa.PurchaseProductTest">
        <test-method is-config="true" signature="startService()[pri:0, instance:com.Nykaa.PurchaseProductTest@f0c8a99]" started-at="2023-12-01T13:06:54 IST" name="startService" finished-at="2023-12-01T13:07:03 IST" duration-ms="8306" status="PASS">
          <reporter-output>
          </reporter-output>
        </test-method> <!-- startService -->
        <test-method is-config="true" signature="openBrowser()[pri:0, instance:com.Nykaa.PurchaseProductTest@f0c8a99]" started-at="2023-12-01T13:07:03 IST" name="openBrowser" finished-at="2023-12-01T13:07:15 IST" duration-ms="12341" status="PASS">
          <reporter-output>
          </reporter-output>
        </test-method> <!-- openBrowser -->
        <test-method is-config="true" signature="login()[pri:0, instance:com.Nykaa.PurchaseProductTest@f0c8a99]" started-at="2023-12-01T13:07:15 IST" name="login" finished-at="2023-12-01T13:07:57 IST" duration-ms="42434" status="PASS">
          <reporter-output>
          </reporter-output>
        </test-method> <!-- login -->
        <test-method signature="purchaseProductTest()[pri:0, instance:com.Nykaa.PurchaseProductTest@f0c8a99]" started-at="2023-12-01T13:07:57 IST" name="purchaseProductTest" finished-at="2023-12-01T13:08:29 IST" duration-ms="31800" status="PASS">
          <reporter-output>
          </reporter-output>
        </test-method> <!-- purchaseProductTest -->
        <test-method is-config="true" signature="closeBrowser()[pri:0, instance:com.Nykaa.PurchaseProductTest@f0c8a99]" started-at="2023-12-01T13:08:29 IST" name="closeBrowser" finished-at="2023-12-01T13:08:32 IST" duration-ms="2257" status="PASS">
          <reporter-output>
          </reporter-output>
        </test-method> <!-- closeBrowser -->
        <test-method is-config="true" signature="stopService()[pri:0, instance:com.Nykaa.PurchaseProductTest@f0c8a99]" started-at="2023-12-01T13:08:32 IST" name="stopService" finished-at="2023-12-01T13:08:32 IST" duration-ms="53" status="PASS">
          <reporter-output>
          </reporter-output>
        </test-method> <!-- stopService -->
      </class> <!-- com.Nykaa.PurchaseProductTest -->
    </test> <!-- Default test -->
  </suite> <!-- Default suite -->
</testng-results>
